app/build/outputs/mapping/release/seeds.txt
com.osprey74.michinavi.MichiNaviApplication
com.osprey74.michinavi.ui.screen.MapViewModel
com.osprey74.michinavi.MainActivity
com.osprey74.michinavi.model.Feature: com.osprey74.michinavi.model.Feature RESTAURANT
com.osprey74.michinavi.model.Feature: com.osprey74.michinavi.model.Feature WIFI
com.osprey74.michinavi.Screen: com.osprey74.michinavi.Screen Map
com.osprey74.michinavi.model.Feature: com.osprey74.michinavi.model.Feature EV_CHARGER
com.osprey74.michinavi.model.Feature: com.osprey74.michinavi.model.Feature ATM
com.osprey74.michinavi.model.Feature: com.osprey74.michinavi.model.Feature DISABLED_TOILET
com.osprey74.michinavi.model.Feature: com.osprey74.michinavi.model.Feature PARK
com.osprey74.michinavi.model.Feature: com.osprey74.michinavi.model.Feature BICYCLE_RENTAL
com.osprey74.michinavi.model.HokkaidoCountrySignRaw: com.osprey74.michinavi.model.HokkaidoCountrySignRaw$Companion Companion
com.osprey74.michinavi.model.Feature: java.util.Map byKey
com.osprey74.michinavi.model.Feature: java.lang.String key
com.osprey74.michinavi.model.HokkaidoCountrySignRaw$$serializer: kotlinx.serialization.descriptors.SerialDescriptor descriptor
com.osprey74.michinavi.model.Feature: com.osprey74.michinavi.model.Feature SHOP
com.osprey74.michinavi.model.Feature: com.osprey74.michinavi.model.Feature ONSEN
com.osprey74.michinavi.model.HokkaidoMunicipality$$serializer: kotlinx.serialization.descriptors.SerialDescriptor descriptor
com.osprey74.michinavi.model.Feature: com.osprey74.michinavi.model.Feature$Companion Companion
com.osprey74.michinavi.Screen: com.osprey74.michinavi.Screen Settings
com.osprey74.michinavi.Screen: com.osprey74.michinavi.Screen[] $VALUES
com.osprey74.michinavi.model.RoadsideStation$$serializer: kotlinx.serialization.descriptors.SerialDescriptor descriptor
com.osprey74.michinavi.model.FlowerInfo$$serializer: kotlinx.serialization.descriptors.SerialDescriptor descriptor
com.osprey74.michinavi.Screen: com.osprey74.michinavi.Screen RandomDraw
com.osprey74.michinavi.model.Feature: com.osprey74.michinavi.model.Feature FOOTBATH
com.osprey74.michinavi.model.Coordinate$$serializer: kotlinx.serialization.descriptors.SerialDescriptor descriptor
com.osprey74.michinavi.model.OfficeCoordinate: com.osprey74.michinavi.model.OfficeCoordinate$Companion Companion
com.osprey74.michinavi.model.Feature: com.osprey74.michinavi.model.Feature MUSEUM
com.osprey74.michinavi.model.OfficeCoordinate$$serializer: kotlinx.serialization.descriptors.SerialDescriptor descriptor
com.osprey74.michinavi.model.Feature: com.osprey74.michinavi.model.Feature BABY_ROOM
com.osprey74.michinavi.model.Feature: com.osprey74.michinavi.model.Feature HOTEL
com.osprey74.michinavi.model.Feature: com.osprey74.michinavi.model.Feature RV_PARK
com.osprey74.michinavi.model.Feature: com.osprey74.michinavi.model.Feature INFORMATION
com.osprey74.michinavi.model.Feature: com.osprey74.michinavi.model.Feature[] $VALUES
com.osprey74.michinavi.Screen: kotlin.enums.EnumEntries $ENTRIES
com.osprey74.michinavi.model.Feature: java.lang.String label
com.osprey74.michinavi.model.Feature: com.osprey74.michinavi.model.Feature DOG_RUN
com.osprey74.michinavi.model.Feature: com.osprey74.michinavi.model.Feature EXPERIENCE
com.osprey74.michinavi.Screen: com.osprey74.michinavi.Screen Picker
com.osprey74.michinavi.model.FlowerInfo: com.osprey74.michinavi.model.FlowerInfo$Companion Companion
com.osprey74.michinavi.model.HokkaidoMunicipality: com.osprey74.michinavi.model.HokkaidoMunicipality$Companion Companion
com.osprey74.michinavi.model.Coordinate: com.osprey74.michinavi.model.Coordinate$Companion Companion
com.osprey74.michinavi.model.Feature: com.osprey74.michinavi.model.Feature CAMPING
com.osprey74.michinavi.model.RoadsideStation: com.osprey74.michinavi.model.RoadsideStation$Companion Companion
com.osprey74.michinavi.model.Feature: kotlin.enums.EnumEntries $ENTRIES
com.osprey74.michinavi.model.HokkaidoCountrySignRaw$Companion: kotlinx.serialization.KSerializer serializer()
...
org.maplibre.geojson.MultiPolygon: org.maplibre.geojson.MultiPolygon fromLngLats(java.util.List,org.maplibre.geojson.BoundingBox)
org.maplibre.android.maps.NativeMapView: java.lang.String[] nativeGetActionJournalLog()
androidx.compose.ui.platform.AbstractComposeView: void setParentCompositionContext(androidx.compose.runtime.CompositionContext)
androidx.compose.foundation.text.input.internal.HandwritingGestureApi34: void previewSelectRangeGesture(androidx.compose.foundation.text.LegacyTextFieldState,android.view.inputmethod.SelectRangeGesture,androidx.compose.foundation.text.selection.TextFieldSelectionManager)
androidx.compose.ui.platform.AndroidComposeViewForceDarkModeQ: void disallowForceDark(android.view.View)
org.maplibre.geojson.ListOfPointCoordinatesTypeAdapter: void write(com.google.gson.stream.JsonWriter,java.lang.Object)
org.maplibre.geojson.FeatureCollection: java.lang.String type()
androidx.emoji2.text.EmojiExclusions$EmojiExclusions_Api34: java.util.Set getExclusions()
androidx.core.view.WindowInsetsCompat$Impl29: WindowInsetsCompat$Impl29(androidx.core.view.WindowInsetsCompat,androidx.core.view.WindowInsetsCompat$Impl29)
org.maplibre.android.offline.OfflineManager$GetOfflineRegionCallback: void onError(java.lang.String)
org.maplibre.android.location.LocationIndicatorLayer: void nativeSetAccuracyRadiusBorderColorTransition(long,long)
org.maplibre.android.offline.OfflineRegionDefinition: double getMinZoom()
org.maplibre.android.location.LocationIndicatorLayer: java.lang.Object nativeGetBearingImage()
org.maplibre.geojson.Polygon: org.maplibre.geojson.BoundingBox bbox()
org.maplibre.android.style.layers.CircleLayer: void nativeSetCircleStrokeWidthTransition(long,long)
org.maplibre.geojson.shifter.CoordinateShifterManager: void setCoordinateShifter(org.maplibre.geojson.shifter.CoordinateShifter)
org.maplibre.android.geometry.LatLngBounds: org.maplibre.android.geometry.LatLng getNorthWest()
org.maplibre.android.maps.NativeMapView: void nativeSetReachability(boolean)
org.maplibre.android.style.layers.LineLayer: void nativeSetLineOpacityTransition(long,long)
org.maplibre.android.style.layers.RasterLayer: java.lang.Object nativeGetRasterResampling()
org.maplibre.android.maps.NativeMapView: void nativeSetBearing(double,long)
org.maplibre.geojson.MultiLineString: boolean equals(java.lang.Object)
org.maplibre.geojson.GeometryCollection: org.maplibre.geojson.GeometryCollection fromJson(java.lang.String)
org.maplibre.android.offline.OfflineRegion: void setOfflineRegionDownloadState(int)
androidx.core.view.WindowInsetsCompat$Impl20: boolean isVisible(int)
androidx.core.view.WindowInsetsCompat$Impl: void setOverriddenInsets(androidx.core.graphics.Insets[])
androidx.compose.ui.text.android.StaticLayoutFactory26: void setJustificationMode(android.text.StaticLayout$Builder,int)
androidx.compose.ui.viewinterop.AndroidViewHolder: androidx.compose.ui.node.OwnerSnapshotObserver getSnapshotObserver()
androidx.vectordrawable.graphics.drawable.VectorDrawableCompat$VectorDrawableCompatState: int getChangingConfigurations()
androidx.vectordrawable.graphics.drawable.VectorDrawableCompat$VFullPath: int getFillColor()
androidx.compose.ui.contentcapture.AndroidContentCaptureManager$ViewTranslationHelperMethods: void onCreateVirtualViewTranslationRequests(androidx.compose.ui.contentcapture.AndroidContentCaptureManager,long[],int[],java.util.function.Consumer)
org.maplibre.android.MapLibre: org.maplibre.android.util.DefaultStyle[] getPredefinedStyles()
androidx.compose.foundation.text.input.internal.HandwritingGestureApi34: int performRemoveSpaceGesture(androidx.compose.foundation.text.input.internal.TransformedTextFieldState,android.view.inputmethod.RemoveSpaceGesture,androidx.compose.foundation.text.input.internal.TextLayoutState,androidx.compose.ui.platform.ViewConfiguration)
org.maplibre.android.maps.MapView: org.maplibre.android.maps.renderer.MapRenderer$RenderingRefreshMode getRenderingRefreshMode()